{"D:\\Film\\src\\App.js": {"path":"D:\\Film\\src\\App.js","statementMap":{"0":{"start":{"line":7,"column":2},"end":{"line":11,"column":4}}},"fnMap":{"0":{"name":"App","decl":{"start":{"line":6,"column":9},"end":{"line":6,"column":12}},"loc":{"start":{"line":6,"column":15},"end":{"line":12,"column":1}},"line":6}},"branchMap":{},"s":{"0":1},"f":{"0":1},"b":{},"_coverageSchema":"1a1c01bbd47fc00a2c39e90264f33305004495a9","hash":"f23781516d543391e733b7ddd9e62c6d50612d4a"}
,"D:\\Film\\src\\index.js": {"path":"D:\\Film\\src\\index.js","statementMap":{"0":{"start":{"line":7,"column":13},"end":{"line":7,"column":65}},"1":{"start":{"line":8,"column":0},"end":{"line":12,"column":2}},"2":{"start":{"line":17,"column":0},"end":{"line":17,"column":18}}},"fnMap":{},"branchMap":{},"s":{"0":0,"1":0,"2":0},"f":{},"b":{}}
,"D:\\Film\\src\\reportWebVitals.js": {"path":"D:\\Film\\src\\reportWebVitals.js","statementMap":{"0":{"start":{"line":1,"column":24},"end":{"line":11,"column":1}},"1":{"start":{"line":2,"column":2},"end":{"line":10,"column":3}},"2":{"start":{"line":3,"column":4},"end":{"line":9,"column":7}},"3":{"start":{"line":4,"column":6},"end":{"line":4,"column":26}},"4":{"start":{"line":5,"column":6},"end":{"line":5,"column":26}},"5":{"start":{"line":6,"column":6},"end":{"line":6,"column":26}},"6":{"start":{"line":7,"column":6},"end":{"line":7,"column":26}},"7":{"start":{"line":8,"column":6},"end":{"line":8,"column":27}}},"fnMap":{"0":{"name":"(anonymous_0)","decl":{"start":{"line":1,"column":24},"end":{"line":1,"column":25}},"loc":{"start":{"line":1,"column":39},"end":{"line":11,"column":1}},"line":1},"1":{"name":"(anonymous_1)","decl":{"start":{"line":3,"column":30},"end":{"line":3,"column":31}},"loc":{"start":{"line":3,"column":79},"end":{"line":9,"column":5}},"line":3}},"branchMap":{"0":{"loc":{"start":{"line":2,"column":2},"end":{"line":10,"column":3}},"type":"if","locations":[{"start":{"line":2,"column":2},"end":{"line":10,"column":3}},{"start":{},"end":{}}],"line":2},"1":{"loc":{"start":{"line":2,"column":6},"end":{"line":2,"column":52}},"type":"binary-expr","locations":[{"start":{"line":2,"column":6},"end":{"line":2,"column":17}},{"start":{"line":2,"column":21},"end":{"line":2,"column":52}}],"line":2}},"s":{"0":0,"1":0,"2":0,"3":0,"4":0,"5":0,"6":0,"7":0},"f":{"0":0,"1":0},"b":{"0":[0,0],"1":[0,0]}}
,"D:\\Film\\src\\components\\DefaultList.jsx": {"path":"D:\\Film\\src\\components\\DefaultList.jsx","statementMap":{"0":{"start":{"line":4,"column":20},"end":{"line":59,"column":1}},"1":{"start":{"line":5,"column":30},"end":{"line":5,"column":42}},"2":{"start":{"line":7,"column":2},"end":{"line":9,"column":9}},"3":{"start":{"line":8,"column":4},"end":{"line":8,"column":16}},"4":{"start":{"line":12,"column":4},"end":{"line":31,"column":5}},"5":{"start":{"line":13,"column":23},"end":{"line":21,"column":7}},"6":{"start":{"line":23,"column":6},"end":{"line":28,"column":7}},"7":{"start":{"line":24,"column":21},"end":{"line":24,"column":42}},"8":{"start":{"line":25,"column":8},"end":{"line":25,"column":32}},"9":{"start":{"line":27,"column":8},"end":{"line":27,"column":49}},"10":{"start":{"line":30,"column":6},"end":{"line":30,"column":71}},"11":{"start":{"line":34,"column":2},"end":{"line":58,"column":4}},"12":{"start":{"line":37,"column":8},"end":{"line":55,"column":10}}},"fnMap":{"0":{"name":"(anonymous_0)","decl":{"start":{"line":4,"column":20},"end":{"line":4,"column":21}},"loc":{"start":{"line":4,"column":26},"end":{"line":59,"column":1}},"line":4},"1":{"name":"(anonymous_1)","decl":{"start":{"line":7,"column":12},"end":{"line":7,"column":13}},"loc":{"start":{"line":7,"column":18},"end":{"line":9,"column":3}},"line":7},"2":{"name":"getMovies","decl":{"start":{"line":11,"column":17},"end":{"line":11,"column":26}},"loc":{"start":{"line":11,"column":29},"end":{"line":32,"column":3}},"line":11},"3":{"name":"(anonymous_3)","decl":{"start":{"line":36,"column":18},"end":{"line":36,"column":19}},"loc":{"start":{"line":36,"column":29},"end":{"line":56,"column":7}},"line":36}},"branchMap":{"0":{"loc":{"start":{"line":23,"column":6},"end":{"line":28,"column":7}},"type":"if","locations":[{"start":{"line":23,"column":6},"end":{"line":28,"column":7}},{"start":{"line":26,"column":13},"end":{"line":28,"column":7}}],"line":23}},"s":{"0":1,"1":1,"2":1,"3":1,"4":1,"5":1,"6":0,"7":0,"8":0,"9":0,"10":0,"11":1,"12":0},"f":{"0":1,"1":1,"2":1,"3":0},"b":{"0":[0,0]},"_coverageSchema":"1a1c01bbd47fc00a2c39e90264f33305004495a9","hash":"ba5ceee4d574ba064aafae78d49318bf9079c7ab"}
,"D:\\Film\\src\\components\\Movie.jsx": {"path":"D:\\Film\\src\\components\\Movie.jsx","statementMap":{"0":{"start":{"line":4,"column":14},"end":{"line":32,"column":1}},"1":{"start":{"line":5,"column":21},"end":{"line":5,"column":26}},"2":{"start":{"line":7,"column":2},"end":{"line":31,"column":4}},"3":{"start":{"line":10,"column":8},"end":{"line":28,"column":10}}},"fnMap":{"0":{"name":"(anonymous_0)","decl":{"start":{"line":4,"column":14},"end":{"line":4,"column":15}},"loc":{"start":{"line":4,"column":25},"end":{"line":32,"column":1}},"line":4},"1":{"name":"(anonymous_1)","decl":{"start":{"line":9,"column":18},"end":{"line":9,"column":19}},"loc":{"start":{"line":9,"column":29},"end":{"line":29,"column":7}},"line":9}},"branchMap":{},"s":{"0":1,"1":0,"2":0,"3":0},"f":{"0":0,"1":0},"b":{},"_coverageSchema":"1a1c01bbd47fc00a2c39e90264f33305004495a9","hash":"897463d1ebb8c7a08fa49453c79f715d64950458"}
,"D:\\Film\\src\\components\\SearchBar.js": {"path":"D:\\Film\\src\\components\\SearchBar.js","statementMap":{"0":{"start":{"line":6,"column":18},"end":{"line":60,"column":1}},"1":{"start":{"line":7,"column":40},"end":{"line":7,"column":52}},"2":{"start":{"line":8,"column":30},"end":{"line":8,"column":42}},"3":{"start":{"line":9,"column":28},"end":{"line":9,"column":40}},"4":{"start":{"line":12,"column":4},"end":{"line":28,"column":5}},"5":{"start":{"line":13,"column":23},"end":{"line":15,"column":7}},"6":{"start":{"line":17,"column":6},"end":{"line":24,"column":7}},"7":{"start":{"line":18,"column":21},"end":{"line":18,"column":42}},"8":{"start":{"line":19,"column":8},"end":{"line":19,"column":32}},"9":{"start":{"line":20,"column":8},"end":{"line":20,"column":21}},"10":{"start":{"line":22,"column":8},"end":{"line":22,"column":61}},"11":{"start":{"line":23,"column":8},"end":{"line":23,"column":22}},"12":{"start":{"line":26,"column":6},"end":{"line":26,"column":59}},"13":{"start":{"line":27,"column":6},"end":{"line":27,"column":20}},"14":{"start":{"line":32,"column":18},"end":{"line":32,"column":32}},"15":{"start":{"line":33,"column":4},"end":{"line":33,"column":26}},"16":{"start":{"line":34,"column":4},"end":{"line":39,"column":5}},"17":{"start":{"line":35,"column":6},"end":{"line":35,"column":25}},"18":{"start":{"line":37,"column":6},"end":{"line":37,"column":20}},"19":{"start":{"line":38,"column":6},"end":{"line":38,"column":19}},"20":{"start":{"line":42,"column":2},"end":{"line":59,"column":4}}},"fnMap":{"0":{"name":"(anonymous_0)","decl":{"start":{"line":6,"column":18},"end":{"line":6,"column":19}},"loc":{"start":{"line":6,"column":24},"end":{"line":60,"column":1}},"line":6},"1":{"name":"searchMovie","decl":{"start":{"line":11,"column":17},"end":{"line":11,"column":28}},"loc":{"start":{"line":11,"column":36},"end":{"line":29,"column":3}},"line":11},"2":{"name":"handleSearch","decl":{"start":{"line":31,"column":11},"end":{"line":31,"column":23}},"loc":{"start":{"line":31,"column":27},"end":{"line":40,"column":3}},"line":31}},"branchMap":{"0":{"loc":{"start":{"line":17,"column":6},"end":{"line":24,"column":7}},"type":"if","locations":[{"start":{"line":17,"column":6},"end":{"line":24,"column":7}},{"start":{"line":21,"column":13},"end":{"line":24,"column":7}}],"line":17},"1":{"loc":{"start":{"line":34,"column":4},"end":{"line":39,"column":5}},"type":"if","locations":[{"start":{"line":34,"column":4},"end":{"line":39,"column":5}},{"start":{"line":36,"column":11},"end":{"line":39,"column":5}}],"line":34},"2":{"loc":{"start":{"line":55,"column":7},"end":{"line":55,"column":30}},"type":"binary-expr","locations":[{"start":{"line":55,"column":7},"end":{"line":55,"column":12}},{"start":{"line":55,"column":16},"end":{"line":55,"column":30}}],"line":55},"3":{"loc":{"start":{"line":57,"column":7},"end":{"line":57,"column":64}},"type":"cond-expr","locations":[{"start":{"line":57,"column":21},"end":{"line":57,"column":46}},{"start":{"line":57,"column":49},"end":{"line":57,"column":64}}],"line":57}},"s":{"0":2,"1":12,"2":11,"3":11,"4":3,"5":3,"6":2,"7":2,"8":2,"9":2,"10":0,"11":0,"12":1,"13":1,"14":4,"15":4,"16":4,"17":3,"18":1,"19":1,"20":11},"f":{"0":12,"1":3,"2":4},"b":{"0":[2,0],"1":[3,1],"2":[11,1],"3":[4,7]},"_coverageSchema":"1a1c01bbd47fc00a2c39e90264f33305004495a9","hash":"161205b9e57b10f4e95afa265abb6bd959792e01"}
}
