TN:
SF:src\App.js
FN:6,App
FNF:1
FNH:1
FNDA:1,App
DA:7,1
LF:1
LH:1
BRF:0
BRH:0
end_of_record
TN:
SF:src\index.js
FNF:0
FNH:0
DA:7,0
DA:8,0
DA:17,0
LF:3
LH:0
BRF:0
BRH:0
end_of_record
TN:
SF:src\reportWebVitals.js
FN:1,(anonymous_0)
FN:3,(anonymous_1)
FNF:2
FNH:0
FNDA:0,(anonymous_0)
FNDA:0,(anonymous_1)
DA:1,0
DA:2,0
DA:3,0
DA:4,0
DA:5,0
DA:6,0
DA:7,0
DA:8,0
LF:8
LH:0
BRDA:2,0,0,0
BRDA:2,0,1,0
BRDA:2,1,0,0
BRDA:2,1,1,0
BRF:4
BRH:0
end_of_record
TN:
SF:src\components\DefaultList.jsx
FN:4,(anonymous_0)
FN:7,(anonymous_1)
FN:11,getMovies
FN:36,(anonymous_3)
FNF:4
FNH:3
FNDA:1,(anonymous_0)
FNDA:1,(anonymous_1)
FNDA:1,getMovies
FNDA:0,(anonymous_3)
DA:4,1
DA:5,1
DA:7,1
DA:8,1
DA:12,1
DA:13,1
DA:23,0
DA:24,0
DA:25,0
DA:27,0
DA:30,0
DA:34,1
DA:37,0
LF:13
LH:7
BRDA:23,0,0,0
BRDA:23,0,1,0
BRF:2
BRH:0
end_of_record
TN:
SF:src\components\Movie.jsx
FN:4,(anonymous_0)
FN:9,(anonymous_1)
FNF:2
FNH:0
FNDA:0,(anonymous_0)
FNDA:0,(anonymous_1)
DA:4,1
DA:5,0
DA:7,0
DA:10,0
LF:4
LH:1
BRF:0
BRH:0
end_of_record
TN:
SF:src\components\SearchBar.js
FN:6,(anonymous_0)
FN:11,searchMovie
FN:31,handleSearch
FNF:3
FNH:3
FNDA:12,(anonymous_0)
FNDA:3,searchMovie
FNDA:4,handleSearch
DA:6,2
DA:7,12
DA:8,11
DA:9,11
DA:12,3
DA:13,3
DA:17,2
DA:18,2
DA:19,2
DA:20,2
DA:22,0
DA:23,0
DA:26,1
DA:27,1
DA:32,4
DA:33,4
DA:34,4
DA:35,3
DA:37,1
DA:38,1
DA:42,11
LF:21
LH:19
BRDA:17,0,0,2
BRDA:17,0,1,0
BRDA:34,1,0,3
BRDA:34,1,1,1
BRDA:55,2,0,11
BRDA:55,2,1,1
BRDA:57,3,0,4
BRDA:57,3,1,7
BRF:8
BRH:7
end_of_record
